This is pdfTeX, Version 3.141592653-2.6-1.40.24 (MiKTeX 22.7) (preloaded format=pdflatex 2022.7.30)  27 DEC 2022 18:59
entering extended mode
 restricted \write18 enabled.
 file:line:error style messages enabled.
 %&-line parsing enabled.
**"c:/Users/benja/Documents/GitHub/lab_fisica/Lab 4/11LaTex Noviembre30/Stefan-Boltzmann.tex"
(c:/Users/benja/Documents/GitHub/lab_fisica/Lab 4/11LaTex Noviembre30/Stefan-Boltzmann.tex
LaTeX2e <2022-06-01> patch level 5
L3 programming layer <2022-07-04> (C:\Users\benja\Documents\Latex_docs\asdas\tex/latex/base\article.cls
Document Class: article 2021/10/04 v1.4n Standard LaTeX document class
(C:\Users\benja\Documents\Latex_docs\asdas\tex/latex/base\size10.clo
File: size10.clo 2021/10/04 v1.4n Standard LaTeX file (size option)
)
\c@part=\count185
\c@section=\count186
\c@subsection=\count187
\c@subsubsection=\count188
\c@paragraph=\count189
\c@subparagraph=\count190
\c@figure=\count191
\c@table=\count192
\abovecaptionskip=\skip47
\belowcaptionskip=\skip48
\bibindent=\dimen138
) (C:\Users\benja\Documents\Latex_docs\asdas\tex/generic/babel\babel.sty
Package: babel 2022/06/26 3.77 The Babel package
\babel@savecnt=\count193
\U@D=\dimen139
\l@unhyphenated=\language79
 (C:\Users\benja\Documents\Latex_docs\asdas\tex/generic/babel\txtbabel.def)
\bbl@readstream=\read2
\bbl@dirlevel=\count194

*************************************
* Local config file bblopts.cfg used
*
(C:\Users\benja\Documents\Latex_docs\asdas\tex/latex/arabi\bblopts.cfg
File: bblopts.cfg 2005/09/08 v0.1 add Arabic and Farsi to "declared" options of babel
) (C:\Users\benja\Documents\Latex_docs\asdas\tex/latex/babel-spanish\spanish.ldf
Language: spanish.ldf 2021/05/27 v5.0q Spanish support from the babel system
\es@quottoks=\toks16
\es@quotdepth=\count195
Package babel Info: Making " an active character on input line 570.
Package babel Info: Making . an active character on input line 675.
Package babel Info: Making < an active character on input line 722.
Package babel Info: Making > an active character on input line 722.
)) (C:\Users\benja\Documents\Latex_docs\asdas\tex/generic/babel/locale/es\babel-spanish.tex
Package babel Info: Importing font and identification data for spanish
(babel)             from babel-es.ini. Reported on input line 11.
) (C:\Users\benja\Documents\Latex_docs\asdas\tex/latex/base\fontenc.sty
Package: fontenc 2021/04/29 v2.0v Standard LaTeX package
) (C:\Users\benja\Documents\Latex_docs\asdas\tex/latex/base\inputenc.sty
Package: inputenc 2021/02/14 v1.3d Input encoding file
\inpenc@prehook=\toks17
\inpenc@posthook=\toks18
) (C:\Users\benja\Documents\Latex_docs\asdas\tex/latex/lm\lmodern.sty
Package: lmodern 2015/05/01 v1.6.1 Latin Modern Fonts
LaTeX Font Info:    Overwriting symbol font `operators' in version `normal'
(Font)                  OT1/cmr/m/n --> OT1/lmr/m/n on input line 22.
LaTeX Font Info:    Overwriting symbol font `letters' in version `normal'
(Font)                  OML/cmm/m/it --> OML/lmm/m/it on input line 23.
LaTeX Font Info:    Overwriting symbol font `symbols' in version `normal'
(Font)                  OMS/cmsy/m/n --> OMS/lmsy/m/n on input line 24.
LaTeX Font Info:    Overwriting symbol font `largesymbols' in version `normal'
(Font)                  OMX/cmex/m/n --> OMX/lmex/m/n on input line 25.
LaTeX Font Info:    Overwriting symbol font `operators' in version `bold'
(Font)                  OT1/cmr/bx/n --> OT1/lmr/bx/n on input line 26.
LaTeX Font Info:    Overwriting symbol font `letters' in version `bold'
(Font)                  OML/cmm/b/it --> OML/lmm/b/it on input line 27.
LaTeX Font Info:    Overwriting symbol font `symbols' in version `bold'
(Font)                  OMS/cmsy/b/n --> OMS/lmsy/b/n on input line 28.
LaTeX Font Info:    Overwriting symbol font `largesymbols' in version `bold'
(Font)                  OMX/cmex/m/n --> OMX/lmex/m/n on input line 29.
LaTeX Font Info:    Overwriting math alphabet `\mathbf' in version `normal'
(Font)                  OT1/cmr/bx/n --> OT1/lmr/bx/n on input line 31.
LaTeX Font Info:    Overwriting math alphabet `\mathsf' in version `normal'
(Font)                  OT1/cmss/m/n --> OT1/lmss/m/n on input line 32.
LaTeX Font Info:    Overwriting math alphabet `\mathit' in version `normal'
(Font)                  OT1/cmr/m/it --> OT1/lmr/m/it on input line 33.
LaTeX Font Info:    Overwriting math alphabet `\mathtt' in version `normal'
(Font)                  OT1/cmtt/m/n --> OT1/lmtt/m/n on input line 34.
LaTeX Font Info:    Overwriting math alphabet `\mathbf' in version `bold'
(Font)                  OT1/cmr/bx/n --> OT1/lmr/bx/n on input line 35.
LaTeX Font Info:    Overwriting math alphabet `\mathsf' in version `bold'
(Font)                  OT1/cmss/bx/n --> OT1/lmss/bx/n on input line 36.
LaTeX Font Info:    Overwriting math alphabet `\mathit' in version `bold'
(Font)                  OT1/cmr/bx/it --> OT1/lmr/bx/it on input line 37.
LaTeX Font Info:    Overwriting math alphabet `\mathtt' in version `bold'
(Font)                  OT1/cmtt/m/n --> OT1/lmtt/m/n on input line 38.
) (C:\Users\benja\Documents\Latex_docs\asdas\tex/latex/geometry\geometry.sty
Package: geometry 2020/01/02 v5.9 Page Geometry
 (C:\Users\benja\Documents\Latex_docs\asdas\tex/latex/graphics\keyval.sty
Package: keyval 2022/05/29 v1.15 key=value parser (DPC)
\KV@toks@=\toks19
) (C:\Users\benja\Documents\Latex_docs\asdas\tex/generic/iftex\ifvtex.sty
Package: ifvtex 2019/10/25 v1.7 ifvtex legacy package. Use iftex instead.
 (C:\Users\benja\Documents\Latex_docs\asdas\tex/generic/iftex\iftex.sty
Package: iftex 2022/02/03 v1.0f TeX engine tests
))
\Gm@cnth=\count196
\Gm@cntv=\count197
\c@Gm@tempcnt=\count198
\Gm@bindingoffset=\dimen140
\Gm@wd@mp=\dimen141
\Gm@odd@mp=\dimen142
\Gm@even@mp=\dimen143
\Gm@layoutwidth=\dimen144
\Gm@layoutheight=\dimen145
\Gm@layouthoffset=\dimen146
\Gm@layoutvoffset=\dimen147
\Gm@dimlist=\toks20
 (C:\Users\benja\Documents\Latex_docs\asdas\tex/latex/geometry\geometry.cfg)) (C:\Users\benja\Documents\Latex_docs\asdas\tex/latex/graphics\graphicx.sty
Package: graphicx 2021/09/16 v1.2d Enhanced LaTeX Graphics (DPC,SPQR)
 (C:\Users\benja\Documents\Latex_docs\asdas\tex/latex/graphics\graphics.sty
Package: graphics 2022/03/10 v1.4e Standard LaTeX Graphics (DPC,SPQR)
 (C:\Users\benja\Documents\Latex_docs\asdas\tex/latex/graphics\trig.sty
Package: trig 2021/08/11 v1.11 sin cos tan (DPC)
) (C:\Users\benja\Documents\Latex_docs\asdas\tex/latex/graphics-cfg\graphics.cfg
File: graphics.cfg 2016/06/04 v1.11 sample graphics configuration
)
Package graphics Info: Driver file: pdftex.def on input line 107.
 (C:\Users\benja\Documents\Latex_docs\asdas\tex/latex/graphics-def\pdftex.def
File: pdftex.def 2020/10/05 v1.2a Graphics/color driver for pdftex
))
\Gin@req@height=\dimen148
\Gin@req@width=\dimen149
) (C:\Users\benja\Documents\Latex_docs\asdas\tex/latex/sttools\flushend.sty
Package: flushend 2021/10/04 v4.0 Balancing columns in twocolumn mode
\flushend@@lastskip@a=\skip49
\flushend@@lastskip@b=\skip50
\flushend@@lastnode=\count199
\var@@loop@iter=\count266
\var@@temp@spread=\dimen150
\var@@temp@a=\dimen151
\var@@temp@loop=\dimen152
\flushend@@page@rule=\dimen153
\flushend@@varbox@lastpage=\box51
\flushend@@varbox@a=\box52
\flushend@@varbox@c=\box53
\flushend@@tempbox@a=\box54
\flushend@@tempbox@c=\box55
\flushend@@floatbox=\box56
\@viper=\box57
\hold@viper=\box58
\atColsBreak=\toks21
\atColsEnd=\toks22
\oldbreak@skip=\dimen154
) (C:\Users\benja\Documents\Latex_docs\asdas\tex/latex/wallpaper\wallpaper.sty
Package: wallpaper 2005/01/18, v1.01 easy wallpaper formatting (MHFW)
 (C:\Users\benja\Documents\Latex_docs\asdas\tex/latex/base\ifthen.sty
Package: ifthen 2022/04/13 v1.1d Standard LaTeX ifthen package (DPC)
) (C:\Users\benja\Documents\Latex_docs\asdas\tex/latex/tools\calc.sty
Package: calc 2017/05/25 v4.3 Infix arithmetic (KKT,FJ)
\calc@Acount=\count267
\calc@Bcount=\count268
\calc@Adimen=\dimen155
\calc@Bdimen=\dimen156
\calc@Askip=\skip51
\calc@Bskip=\skip52
LaTeX Info: Redefining \setlength on input line 80.
LaTeX Info: Redefining \addtolength on input line 81.
\calc@Ccount=\count269
\calc@Cskip=\skip53
) (C:\Users\benja\Documents\Latex_docs\asdas\tex/latex/eso-pic\eso-pic.sty
Package: eso-pic 2020/10/14 v3.0a eso-pic (RN)
\ESO@tempdima=\dimen157
\ESO@tempdimb=\dimen158
 (C:\Users\benja\Documents\Latex_docs\asdas\tex/latex/xcolor\xcolor.sty
Package: xcolor 2022/06/12 v2.14 LaTeX color extensions (UK)
 (C:\Users\benja\Documents\Latex_docs\asdas\tex/latex/graphics-cfg\color.cfg
File: color.cfg 2016/01/02 v1.6 sample color configuration
)
Package xcolor Info: Driver file: pdftex.def on input line 227.
 (C:\Users\benja\Documents\Latex_docs\asdas\tex/latex-dev/graphics\mathcolor.ltx)
Package xcolor Info: Model `cmy' substituted by `cmy0' on input line 1353.
Package xcolor Info: Model `hsb' substituted by `rgb' on input line 1357.
Package xcolor Info: Model `RGB' extended on input line 1369.
Package xcolor Info: Model `HTML' substituted by `rgb' on input line 1371.
Package xcolor Info: Model `Hsb' substituted by `hsb' on input line 1372.
Package xcolor Info: Model `tHsb' substituted by `hsb' on input line 1373.
Package xcolor Info: Model `HSB' substituted by `hsb' on input line 1374.
Package xcolor Info: Model `Gray' substituted by `gray' on input line 1375.
Package xcolor Info: Model `wave' substituted by `hsb' on input line 1376.
))
\wpXoffset=\skip54
\wpYoffset=\skip55
\tileXoffset=\skip56
\tileYoffset=\skip57
\tilewidth=\skip58
\tileheight=\skip59
\tileX=\skip60
\tileY=\skip61
) (C:\Users\benja\Documents\Latex_docs\asdas\tex/latex/amsmath\amsmath.sty
Package: amsmath 2022/04/08 v2.17n AMS math features
\@mathmargin=\skip62

For additional information on amsmath, use the `?' option.
(C:\Users\benja\Documents\Latex_docs\asdas\tex/latex/amsmath\amstext.sty
Package: amstext 2021/08/26 v2.01 AMS text
 (C:\Users\benja\Documents\Latex_docs\asdas\tex/latex/amsmath\amsgen.sty
File: amsgen.sty 1999/11/30 v2.0 generic functions
\@emptytoks=\toks23
\ex@=\dimen159
)) (C:\Users\benja\Documents\Latex_docs\asdas\tex/latex/amsmath\amsbsy.sty
Package: amsbsy 1999/11/29 v1.2d Bold Symbols
\pmbraise@=\dimen160
) (C:\Users\benja\Documents\Latex_docs\asdas\tex/latex/amsmath\amsopn.sty
Package: amsopn 2022/04/08 v2.04 operator names
)
\inf@bad=\count270
LaTeX Info: Redefining \frac on input line 234.
\uproot@=\count271
\leftroot@=\count272
LaTeX Info: Redefining \overline on input line 399.
LaTeX Info: Redefining \colon on input line 410.
\classnum@=\count273
\DOTSCASE@=\count274
LaTeX Info: Redefining \ldots on input line 496.
LaTeX Info: Redefining \dots on input line 499.
LaTeX Info: Redefining \cdots on input line 620.
\Mathstrutbox@=\box59
\strutbox@=\box60
LaTeX Info: Redefining \big on input line 722.
LaTeX Info: Redefining \Big on input line 723.
LaTeX Info: Redefining \bigg on input line 724.
LaTeX Info: Redefining \Bigg on input line 725.
\big@size=\dimen161
LaTeX Font Info:    Redeclaring font encoding OML on input line 743.
LaTeX Font Info:    Redeclaring font encoding OMS on input line 744.
\macc@depth=\count275
LaTeX Info: Redefining \bmod on input line 905.
LaTeX Info: Redefining \pmod on input line 910.
LaTeX Info: Redefining \smash on input line 940.
LaTeX Info: Redefining \relbar on input line 970.
LaTeX Info: Redefining \Relbar on input line 971.
\c@MaxMatrixCols=\count276
\dotsspace@=\muskip16
\c@parentequation=\count277
\dspbrk@lvl=\count278
\tag@help=\toks24
\row@=\count279
\column@=\count280
\maxfields@=\count281
\andhelp@=\toks25
\eqnshift@=\dimen162
\alignsep@=\dimen163
\tagshift@=\dimen164
\tagwidth@=\dimen165
\totwidth@=\dimen166
\lineht@=\dimen167
\@envbody=\toks26
\multlinegap=\skip63
\multlinetaggap=\skip64
\mathdisplay@stack=\toks27
LaTeX Info: Redefining \[ on input line 2953.
LaTeX Info: Redefining \] on input line 2954.
) (C:\Users\benja\Documents\Latex_docs\asdas\tex/latex/float\float.sty
Package: float 2001/11/08 v1.3d Float enhancements (AL)
\c@float@type=\count282
\float@exts=\toks28
\float@box=\box61
\@float@everytoks=\toks29
\@floatcapt=\box62
) (C:\Users\benja\Documents\Latex_docs\asdas\tex/latex/colortbl\colortbl.sty
Package: colortbl 2022/06/20 v1.0f Color table columns (DPC)
 (C:\Users\benja\Documents\Latex_docs\asdas\tex/latex/tools\array.sty
Package: array 2021/10/04 v2.5f Tabular extension package (FMi)
\col@sep=\dimen168
\ar@mcellbox=\box63
\extrarowheight=\dimen169
\NC@list=\toks30
\extratabsurround=\skip65
\backup@length=\skip66
\ar@cellbox=\box64
)
\everycr=\toks31
\minrowclearance=\skip67
\rownum=\count283
) (C:\Users\benja\Documents\Latex_docs\asdas\tex/latex/ulem\ulem.sty
\UL@box=\box65
\UL@hyphenbox=\box66
\UL@skip=\skip68
\UL@hook=\toks32
\UL@height=\dimen170
\UL@pe=\count284
\UL@pixel=\dimen171
\ULC@box=\box67
Package: ulem 2019/11/18
\ULdepth=\dimen172
)
LaTeX Font Info:    Trying to load font information for T1+lmr on input line 17.
 (C:\Users\benja\Documents\Latex_docs\asdas\tex/latex/lm\t1lmr.fd
File: t1lmr.fd 2015/05/01 v1.6.1 Font defs for Latin Modern
) (C:\Users\benja\Documents\Latex_docs\asdas\tex/latex/l3backend\l3backend-pdftex.def
File: l3backend-pdftex.def 2022-07-01 L3 backend support: PDF output (pdfTeX)
\l__color_backend_stack_int=\count285
\l__pdf_internal_box=\box68
) (c:\Users\benja\Documents\GitHub\lab_fisica\Lab 4\11LaTex Noviembre30\build\Stefan-Boltzmann.aux
LaTeX Info: Redefining \. on input line 8.
LaTeX Info: Redefining \% on input line 8.
)
\openout1 = `Stefan-Boltzmann.aux'.

LaTeX Font Info:    Checking defaults for OML/cmm/m/it on input line 17.
LaTeX Font Info:    ... okay on input line 17.
LaTeX Font Info:    Checking defaults for OMS/cmsy/m/n on input line 17.
LaTeX Font Info:    ... okay on input line 17.
LaTeX Font Info:    Checking defaults for OT1/cmr/m/n on input line 17.
LaTeX Font Info:    ... okay on input line 17.
LaTeX Font Info:    Checking defaults for T1/cmr/m/n on input line 17.
LaTeX Font Info:    ... okay on input line 17.
LaTeX Font Info:    Checking defaults for TS1/cmr/m/n on input line 17.
LaTeX Font Info:    ... okay on input line 17.
LaTeX Font Info:    Checking defaults for OMX/cmex/m/n on input line 17.
LaTeX Font Info:    ... okay on input line 17.
LaTeX Font Info:    Checking defaults for U/cmr/m/n on input line 17.
LaTeX Font Info:    ... okay on input line 17.
LaTeX Info: Redefining \. on input line 17.
LaTeX Info: Redefining \% on input line 17.

*geometry* driver: auto-detecting
*geometry* detected driver: pdftex
*geometry* verbose mode - [ preamble ] result:
* driver: pdftex
* paper: a4paper
* layout: <same size as paper>
* layoutoffset:(h,v)=(0.0pt,0.0pt)
* modes: 
* h-part:(L,W,R)=(89.62709pt, 418.25368pt, 89.6271pt)
* v-part:(T,H,B)=(101.40665pt, 591.5302pt, 152.11pt)
* \paperwidth=597.50787pt
* \paperheight=845.04684pt
* \textwidth=418.25368pt
* \textheight=591.5302pt
* \oddsidemargin=17.3571pt
* \evensidemargin=17.3571pt
* \topmargin=-7.86334pt
* \headheight=12.0pt
* \headsep=25.0pt
* \topskip=10.0pt
* \footskip=30.0pt
* \marginparwidth=4.0pt
* \marginparsep=10.0pt
* \columnsep=10.0pt
* \skip\footins=9.0pt plus 4.0pt minus 2.0pt
* \hoffset=0.0pt
* \voffset=0.0pt
* \mag=1000
* \@twocolumntrue
* \@twosidefalse
* \@mparswitchfalse
* \@reversemarginfalse
* (1in=72.27pt=25.4mm, 1cm=28.453pt)

(C:\Users\benja\Documents\Latex_docs\asdas\tex/context/base/mkii\supp-pdf.mkii
[Loading MPS to PDF converter (version 2006.09.02).]
\scratchcounter=\count286
\scratchdimen=\dimen173
\scratchbox=\box69
\nofMPsegments=\count287
\nofMParguments=\count288
\everyMPshowfont=\toks33
\MPscratchCnt=\count289
\MPscratchDim=\dimen174
\MPnumerator=\count290
\makeMPintoPDFobject=\count291
\everyMPtoPDFconversion=\toks34
) (C:\Users\benja\Documents\Latex_docs\asdas\tex/latex/epstopdf-pkg\epstopdf-base.sty
Package: epstopdf-base 2020-01-24 v2.11 Base part for package epstopdf
 (C:\Users\benja\Documents\Latex_docs\asdas\tex/generic/infwarerr\infwarerr.sty
Package: infwarerr 2019/12/03 v1.5 Providing info/warning/error messages (HO)
) (C:\Users\benja\Documents\Latex_docs\asdas\tex/latex/grfext\grfext.sty
Package: grfext 2019/12/03 v1.3 Manage graphics extensions (HO)
 (C:\Users\benja\Documents\Latex_docs\asdas\tex/generic/kvdefinekeys\kvdefinekeys.sty
Package: kvdefinekeys 2019-12-19 v1.6 Define keys (HO)
)) (C:\Users\benja\Documents\Latex_docs\asdas\tex/latex/kvoptions\kvoptions.sty
Package: kvoptions 2022-06-15 v3.15 Key value format for package options (HO)
 (C:\Users\benja\Documents\Latex_docs\asdas\tex/generic/ltxcmds\ltxcmds.sty
Package: ltxcmds 2020-05-10 v1.25 LaTeX kernel commands for general use (HO)
) (C:\Users\benja\Documents\Latex_docs\asdas\tex/generic/kvsetkeys\kvsetkeys.sty
Package: kvsetkeys 2019/12/15 v1.18 Key value parser (HO)
)) (C:\Users\benja\Documents\Latex_docs\asdas\tex/generic/pdftexcmds\pdftexcmds.sty
Package: pdftexcmds 2020-06-27 v0.33 Utility functions of pdfTeX for LuaTeX (HO)
Package pdftexcmds Info: \pdf@primitive is available.
Package pdftexcmds Info: \pdf@ifprimitive is available.
Package pdftexcmds Info: \pdfdraftmode found.
)
Package epstopdf-base Info: Redefining graphics rule for `.eps' on input line 485.
Package grfext Info: Graphics extension search list:
(grfext)             [.pdf,.png,.jpg,.mps,.jpeg,.jbig2,.jb2,.PDF,.PNG,.JPG,.JPEG,.JBIG2,.JB2,.eps]
(grfext)             \AppendGraphicsExtensions on input line 504.
 (C:\Users\benja\Documents\Latex_docs\asdas\tex/latex/00miktex\epstopdf-sys.cfg
File: epstopdf-sys.cfg 2021/03/18 v2.0 Configuration of epstopdf for MiKTeX
))
LaTeX Font Info:    Trying to load font information for OT1+lmr on input line 27.
 (C:\Users\benja\Documents\Latex_docs\asdas\tex/latex/lm\ot1lmr.fd
File: ot1lmr.fd 2015/05/01 v1.6.1 Font defs for Latin Modern
)
LaTeX Font Info:    Trying to load font information for OML+lmm on input line 27.
 (C:\Users\benja\Documents\Latex_docs\asdas\tex/latex/lm\omllmm.fd
File: omllmm.fd 2015/05/01 v1.6.1 Font defs for Latin Modern
)
LaTeX Font Info:    Trying to load font information for OMS+lmsy on input line 27.
 (C:\Users\benja\Documents\Latex_docs\asdas\tex/latex/lm\omslmsy.fd
File: omslmsy.fd 2015/05/01 v1.6.1 Font defs for Latin Modern
)
LaTeX Font Info:    Trying to load font information for OMX+lmex on input line 27.
 (C:\Users\benja\Documents\Latex_docs\asdas\tex/latex/lm\omxlmex.fd
File: omxlmex.fd 2015/05/01 v1.6.1 Font defs for Latin Modern
)
LaTeX Font Info:    External font `lmex10' loaded for size
(Font)              <12> on input line 27.
LaTeX Font Info:    External font `lmex10' loaded for size
(Font)              <8> on input line 27.
LaTeX Font Info:    External font `lmex10' loaded for size
(Font)              <6> on input line 27.
LaTeX Font Info:    External font `lmex10' loaded for size
(Font)              <10> on input line 40.
LaTeX Font Info:    External font `lmex10' loaded for size
(Font)              <7> on input line 40.
LaTeX Font Info:    External font `lmex10' loaded for size
(Font)              <5> on input line 40.
 [1{C:/Users/benja/AppData/Local/MiKTeX/fonts/map/pdftex/pdftex.map}


]
Underfull \hbox (badness 10000) in paragraph at lines 68--68
[]\T1/lmr/bx/n/12 Experimento 2: Ley de
 []

<Imagenes/ISL_SB/montaje.png, id=19, 1606.0pt x 1204.5pt>
File: Imagenes/ISL_SB/montaje.png Graphic file (type png)
<use Imagenes/ISL_SB/montaje.png>
Package pdftex.def Info: Imagenes/ISL_SB/montaje.png  used on input line 74.
(pdftex.def)             Requested size: 192.71169pt x 144.53375pt.

Underfull \hbox (badness 10000) in paragraph at lines 91--92
[]\T1/lmr/m/n/10 Wikipedia Con-tri-bu-tors. (2022, Au-
 []


Underfull \hbox (badness 10000) in paragraph at lines 91--92
\T1/lmr/m/n/10 gust 27). Inverse-square law. Wi-
 []


Underfull \hbox (badness 10000) in paragraph at lines 91--92
\T1/lmr/m/n/10 ki-pe-dia; Wi-ki-me-dia Foun-da-tion.
 []


Underfull \hbox (badness 10000) in paragraph at lines 91--92
\T1/lmr/m/n/10 https://en.wikipedia.org/wiki/Inverse-
 []


Underfull \hbox (badness 10000) in paragraph at lines 92--93
[]\T1/lmr/m/n/10 Wikipedia Con-tri-bu-tors. (2022, No-
 []


Underfull \hbox (badness 10000) in paragraph at lines 92--93
\T1/lmr/m/n/10 vem-ber 8). Ste-fan^^UBoltzmann law.
 []


Underfull \hbox (badness 10000) in paragraph at lines 92--93
\T1/lmr/m/n/10 Wi-ki-pe-dia; Wi-ki-me-dia Foun-da-tion.
 []

[leftcolumn badness]: 10000 on 250.85983pt
[rightcolumn badness]: 1000000 on 250.85983pt
[leftcolumn badness]: 10000 on 250.85983pt
[rightcolumn badness]: 1000000 on 250.85983pt
[leftcolumn badness]: 10000 on 250.85983pt
[rightcolumn badness]: 1000000 on 250.85983pt
[leftcolumn badness]: 10000 on 250.85983pt
[rightcolumn badness]: 1000000 on 250.85983pt
[leftcolumn badness]: 10000 on 250.85983pt
[rightcolumn badness]: 1000000 on 250.85983pt
[leftcolumn badness]: 10000 on 250.85983pt
[rightcolumn badness]: 1000000 on 250.85983pt
[leftcolumn badness]: 10000 on 250.85983pt
[rightcolumn badness]: 1000000 on 250.85983pt
[leftcolumn badness]: 10000 on 250.85983pt
[rightcolumn badness]: 1000000 on 250.85983pt
[leftcolumn badness]: 10000 on 250.85983pt
[rightcolumn badness]: 1000000 on 250.85983pt
[leftcolumn badness]: 10000 on 250.85983pt
[rightcolumn badness]: 1000000 on 250.85983pt
[leftcolumn badness]: 10000 on 250.85983pt
[rightcolumn badness]: 1000000 on 250.85983pt
[leftcolumn badness]: 10000 on 250.85983pt
[rightcolumn badness]: 1000000 on 250.85983pt
[leftcolumn badness]: 10000 on 250.85983pt
[rightcolumn badness]: 1000000 on 250.85983pt
[leftcolumn badness]: 10000 on 250.85983pt
[rightcolumn badness]: 1000000 on 250.85983pt
[leftcolumn badness]: 10000 on 250.85983pt
[rightcolumn badness]: 1000000 on 250.85983pt
[leftcolumn badness]: 10000 on 250.85983pt
[rightcolumn badness]: 1000000 on 250.85983pt
[leftcolumn badness]: 10000 on 250.85983pt
[rightcolumn badness]: 1000000 on 250.85983pt
[leftcolumn badness]: 10000 on 250.85983pt
[rightcolumn badness]: 1000000 on 250.85983pt
[leftcolumn badness]: 10000 on 250.85983pt
[rightcolumn badness]: 1000000 on 250.85983pt
[leftcolumn badness]: 10000 on 250.85983pt
[rightcolumn badness]: 1000000 on 250.85983pt
[leftcolumn badness]: 10000 on 250.85983pt
[rightcolumn badness]: 1000000 on 250.85983pt
[leftcolumn badness]: 10000 on 250.85983pt
[rightcolumn badness]: 1000000 on 250.85983pt
[leftcolumn badness]: 10000 on 250.85983pt
[rightcolumn badness]: 1000000 on 250.85983pt
[leftcolumn badness]: 10000 on 250.85983pt
[rightcolumn badness]: 1000000 on 250.85983pt
[leftcolumn badness]: 10000 on 250.85983pt
[rightcolumn badness]: 1000000 on 250.85983pt
[leftcolumn badness]: 10000 on 250.85983pt
[rightcolumn badness]: 1000000 on 250.85983pt
[leftcolumn badness]: 10000 on 250.85983pt
[rightcolumn badness]: 1000000 on 250.85983pt
[leftcolumn badness]: 10000 on 250.85983pt
[rightcolumn badness]: 1000000 on 250.85983pt
[leftcolumn badness]: 10000 on 250.85983pt
[rightcolumn badness]: 1000000 on 250.85983pt
[leftcolumn badness]: 10000 on 250.85983pt
[rightcolumn badness]: 1000000 on 250.85983pt
[leftcolumn badness]: 10000 on 250.85983pt
[rightcolumn badness]: 1000000 on 250.85983pt
[leftcolumn badness]: 10000 on 250.85983pt
[rightcolumn badness]: 1000000 on 250.85983pt
[leftcolumn badness]: 10000 on 250.85983pt
[rightcolumn badness]: 1000000 on 250.85983pt
[leftcolumn badness]: 10000 on 250.85983pt
[rightcolumn badness]: 1000000 on 250.85983pt
[leftcolumn badness]: 10000 on 250.85983pt
[rightcolumn badness]: 1000000 on 250.85983pt
[leftcolumn badness]: 10000 on 250.85983pt
[rightcolumn badness]: 1000000 on 250.85983pt
[leftcolumn badness]: 10000 on 250.85983pt
[rightcolumn badness]: 1000000 on 250.85983pt
[leftcolumn badness]: 10000 on 250.85983pt
[rightcolumn badness]: 1000000 on 250.85983pt
[leftcolumn badness]: 10000 on 250.85983pt
[rightcolumn badness]: 1000000 on 250.85983pt
[leftcolumn badness]: 10000 on 250.85983pt
[rightcolumn badness]: 1000000 on 250.85983pt
[leftcolumn badness]: 10000 on 250.85983pt
[rightcolumn badness]: 1000000 on 250.85983pt
[leftcolumn badness]: 10000 on 250.85983pt
[rightcolumn badness]: 1000000 on 250.85983pt
[leftcolumn badness]: 10000 on 250.85983pt
[rightcolumn badness]: 1000000 on 250.85983pt
[leftcolumn badness]: 10000 on 250.85983pt
[rightcolumn badness]: 1000000 on 250.85983pt
[leftcolumn badness]: 10000 on 250.85983pt
[rightcolumn badness]: 1000000 on 250.85983pt
- LAST -
Extra skip:109.09653pt
Left:385.8737pt/0.0pt
Right:276.77718pt/0.0pt
Split: 383.32544pt
Output:383.32544pt
Pageshrink: 8.0pt
Pagestretch: 9.0pt
@colht:591.5302pt
FLUSHEND [output]: 383.32544pt
FLUSHEND [leftcolumn badness]: 70
FUSHEND [rightcolumn badness]: 10000
[2 <./Imagenes/ISL_SB/montaje.png>] (c:\Users\benja\Documents\GitHub\lab_fisica\Lab 4\11LaTex Noviembre30\build\Stefan-Boltzmann.aux
LaTeX Info: Redefining \. on input line 8.
LaTeX Info: Redefining \% on input line 8.
) ) 
Here is how much of TeX's memory you used:
 6154 strings out of 478338
 101374 string characters out of 2838107
 427010 words of memory out of 3000000
 24452 multiletter control sequences out of 15000+600000
 520193 words of font info for 58 fonts, out of 8000000 for 9000
 1141 hyphenation exceptions out of 8191
 63i,9n,75p,404b,363s stack positions out of 10000i,1000n,20000p,200000b,80000s
{C:/Users/benja/Documents/Latex_docs/asdas/fonts/enc/dvips/lm/lm-rm.enc}{C:/Users/benja/Documents/Latex_docs/asdas/fonts/enc/dvips/lm/lm-mathsy.enc}{C:/Users/benja/Documents/Latex_docs/asdas/fonts/enc/dvips/lm/lm-mathit.enc}{C:/Users/benja/Documents/Latex_docs/asdas/fonts/enc/dvips/lm/lm-ec.enc}<C:/Users/benja/Documents/Latex_docs/asdas/fonts/type1/public/lm/lmbx12.pfb><C:/Users/benja/Documents/Latex_docs/asdas/fonts/type1/public/lm/lmbx9.pfb><C:/Users/benja/Documents/Latex_docs/asdas/fonts/type1/public/lm/lmmi10.pfb><C:/Users/benja/Documents/Latex_docs/asdas/fonts/type1/public/lm/lmmi7.pfb><C:/Users/benja/Documents/Latex_docs/asdas/fonts/type1/public/lm/lmr10.pfb><C:/Users/benja/Documents/Latex_docs/asdas/fonts/type1/public/lm/lmr12.pfb><C:/Users/benja/Documents/Latex_docs/asdas/fonts/type1/public/lm/lmr17.pfb><C:/Users/benja/Documents/Latex_docs/asdas/fonts/type1/public/lm/lmr5.pfb><C:/Users/benja/Documents/Latex_docs/asdas/fonts/type1/public/lm/lmr7.pfb><C:/Users/benja/Documents/Latex_docs/asdas/fonts/type1/public/lm/lmri12.pfb><C:/Users/benja/Documents/Latex_docs/asdas/fonts/type1/public/lm/lmsy10.pfb><C:/Users/benja/Documents/Latex_docs/asdas/fonts/type1/public/lm/lmsy5.pfb><C:/Users/benja/Documents/Latex_docs/asdas/fonts/type1/public/lm/lmsy7.pfb>
Output written on "c:\Users\benja\Documents\GitHub\lab_fisica\Lab 4\11LaTex Noviembre30\build\Stefan-Boltzmann.pdf" (2 pages, 2084757 bytes).
PDF statistics:
 82 PDF objects out of 1000 (max. 8388607)
 0 named destinations out of 1000 (max. 500000)
 6 words of extra memory for PDF output out of 10000 (max. 10000000)

